<?xml version="1.0" encoding="UTF-8"?>
<!-- Generated by org.testng.reporters.JUnitXMLReporter -->
<testsuite ignored="3" hostname="DESKTOP-DL42SBL" failures="0" tests="2" name="Default test(failed)(failed)(failed)" time="0.051" errors="0" timestamp="2023-05-15T20:33:04 EDT">
  <testcase classname="smarttech.ny.hooks.FailedTestCases" name="getTestFive" time="0.011"/>
  <testcase classname="smarttech.ny.hooks.FailedTestCases" name="getTestOne" time="0.001"/>
  <testcase classname="smarttech.ny.hooks.FailedTestCases" name="getTestTwo" time="0.0">
    <ignored/>
  </testcase> <!-- getTestTwo -->
  <testcase classname="smarttech.ny.hooks.FailedTestCases" name="getTestThree" time="0.0">
    <ignored/>
  </testcase> <!-- getTestThree -->
  <testcase classname="smarttech.ny.hooks.FailedTestCases" name="getTestFour" time="0.0">
    <ignored/>
  </testcase> <!-- getTestFour -->
</testsuite> <!-- Default test(failed)(failed)(failed) -->
